2S
1H
TH
1D
3C
3S
4S
4S
4S
5S
2S
3S
1S
1S
3S
1S
2S
6S
3S
3S
2S
4S
4S
5S
1S
3H
3H
1H
9H
1S
1S
5H
3H
1S
2H
1H
5S
7H
1S
1H
4S
8H
4H
7H
1H
6H
JH
3S
JH
8H
1S
2S
5H
2H
JH
9H
1H
5S
2H
1S
4H
3H
4H
4H
6S
5D
1D
8H
6H
6H
9D
3D
2D
2D
7H
5H
1H
TH
1S
2D
8H
3D
8D
9H
7H
6S
1D
6H
2D
8D
2H
QH
5H
2H
QH
1D
1H
JH
6H
8H
1H
1H
5H
QH
3H
8D
2H
9S
3H
4S
6H
1S
TH
5D
3H
4H
9D
6D
1S
TD
TD
4H
1H
TD
4D
QC
8H
9S
5C
5C
7S
4C
1S
1C
1D
QH
5H
QD
7C
6S
1D
9H
5D
8D
7H
1S
9C
2H
6C
3D
5H
6C
1D
6H
JC
3H
4D
7C
2D
7D
2D
3C
7D
JD
2D
1C
3C
QD
6C
9H
QS
1H
TH
9D
1D
3C
5D
6H
9C
6S
5H
1H
2S
6C
1H
4C
7H
KD
TH
7H
7C
8H
QC
JD
KH
2C
2D
3H
3H
2H
TC
KH
3H
3S
6H
7C
9S
4D
TD
4H
1H
1S
1H
5H
5D
3H
QC
KC
7H
1D
5H
8H
3S
1D
1H
4S
7S
JC
5S
3D
1C
5D
5D
1H
9H
QH
4H
5H
9S
5C
3H
KH
4D
QH
1S
2H
8C
2C
7C
6D
KC
8C
1D
1H
TH
6H
7D
3H
9C
TH
3S
3S
7C
TH
6H
KC
KH
KC
1S
7D
2H
QD
7H
QC
QC
7D
1H
2S
JC
7H
1C
4H
3C
1S
8H
2H
KH
8H
TC
QH
9D
5C
4C
3H
7H
KD
5S
3C
2H
5D
2D
1C
3H
TC
JC
KH
TS
2D
QC
6H
1H
TC
9H
8C
9C
1H
6H
KH
3H
QD
QC
6C
TC
KC
6D
2C
8S
QH
2C
7C
7H
KD
8D
3C
5H
1C
1H
2D
1H
5H
5H
8H
QS
5D
TD
3C
KC
2S
1H
5D
KC
3H
QH
1D
8C
6H
6C
5C
TC
4S
4S
3C
1H
QH
4C
JH
7C
2D
6C
TH
3D
1C
9D
9C
3D
4C
8D
TC
JD
7D
TH
4H
3H
5D
JC
JD
8D
QC
7D
1D
1H
6H
TH
4D
2H
TH
TC
JC
2H
7C
2D
QD
KC
1H
6H
2C
KH
9H
1C
5H
2C
5H
6S
1C
2C
TH
JD
5H
5H
7D
3H
9H
TD
1D
KC
QH
6D
KD
5C
4S
2C
QC
9C
5D
6H
3S
QH
1C
TC
TH
2S
8H
1H
2D
4C
3C
4D
3H
2D
QH
3D
2D
3H
9H
3C
5C
TH
1C
TD
TS
8H
9C
3D
7C
3D
8H
1H
3D
4S
TH
QH
3C
7D
TD
3H
1H
JC
7H
2C
4C
4S
QS
3S
KH
8C
2C
9S
2C
1H
4C
QH
KD
4C
5C
JS
6D
3S
7H
5H
2H
JS
QC
8D
6C
TS
4C
2C
6C
6S
2H
9S
9C
1S
7S
JH
4D
QH
4H
7S
1H
3H
1H
1C
TH
2S
QH
9H
TC
9S
6D
JC
9H
3C
9S
1H
9H
1H
2D
1H
1C
9S
5C
1H
JH
2D
2H
5C
1H
KC
2C
5D
1S
2D
JD
4H
3H
1H
6H
JH
3C
QS
3D
8H
4H
3D
TC
JD
5D
TH
3H
6S
1C
1S
4H
7S
4H
TH
TH
1H
TS
8D
KS
3S
TH
7D
QD
1H
5D
5H
9D
6H
JD
1C
5S
2H
8D
TC
9H
TH
7S
TS
3C
7C
9S
3H
5D
9D
5D
1C
2D
9H
4D
8S
8C
7H
1H
QH
TC
7C
9C
8H
5S
6H
4H
4D
3C
2D
3S
3S
2D
1D
2S
7H
6C
2C
4H
TC
JH
5H
5H
JD
KC
1H
QC
7H
1H
QH
6H
8D
KD
3H
1H
TD
QS
5H
KH
4C
1H
8H
JH
JD
7H
7H
5C
QH
KD
5H
JC
JD
9H
6S
2H
9D
8D
JC
5H
8H
TC
7H
QC
TH
2H
JH
3C
8C
8D
4C
5H
4H
1D
2H
6H
TD
QS
4H
5H
1C
1D
1C
2H
8H
7C
7C
8C
3H
QD
9C
4D
5H
JH
2D
5S
5D
1H
2C
4C
9S
6C
KC
QC
JH
KS
3C
TH
8C
3D
TC
8H
JD
2H
KC
8H
1S
4S
4H
8H
8C
TD
7S
1D
5H
TC
1C
3S
5D
9C
TS
8H
4D
6D
9C
1H
TH
TD
3C
5H
1H
1S
5C
5C
3H
7C
2S
3H
6C
4H
8D
8D
4C
QH
KH
5S
9S
1S
1H
QS
8C
4H
KH
QD
JH
4C
KH
3D
4C
3D
4H
3H
4H
7H
JH
9D
6S
JD
2H
3D
9H
3D
2C
7C
2H
7D
7H
2H
1C
6S
6D
3H
4H
JC
JH
8C
1H
1H
6H
9H
9H
TD
JC
6H
7H
3C
6C
4H
JD
8C
9H
7C
5C
4C
QH
8D
KC
3D
6H
1D
2S
2C
9H
7C
JH
1S
4H
6C
QS
TD
JC
3H
3H
8C
3C
8C
9H
5H
7D
QD
6C
3H
4D
3H
2C
TH
3D
9C
2H
3S
3C
KC
3S
2S
QD
5C
1D
TD
3D
KC
QH
8C
4H
9D
1C
6C
1C
4D
QH
7C
5D
1H
8C
1C
3C
9H
3C
1S
2S
QS
4C
2H
3H
1H
1D
2H
1D
6D
2C
KS
JH
7C
2S
JS
5D
QH
JH
4S
4D
5C
5C
JS
TC
6C
5D
TS
8S
3C
JH
1S
TD
7S
1H
QC
QH
8H
3H
TC
2H
6D
KD
KD
9C
3C
9C
6H
JC
TC
1S
KS
4C
3D
9H
JC
KH
4C
6C
4H
1D
9H
7C
5H
1H
5D
1C
6H
5H
8C
7C
KD
TH
5C
9C
1H
5C
5C
7C
QH
3C
2H
8D
6D
7H
9D
KD
7C
9H
2C
1H
JH
QD
2D
2H
3H
3C
1S
7S
1D
QC
6H
2H
1S
JC
2D
