269440.00
163618.50
2070.25
24241.00
110346.00
236480.00
21379.00
412704.00
296285.00
29624.00
363638.25
23439.00
18310.00
155846.00
466565.00
1709690.00
38639.00
182292.00
341185.00
985690.00
29464.00
217750.00
303907.50
481795.00
81934.00
86742.00
80220.00
84097.00
87750.00
79744.00
80911.00
78534.00
79225.00
83564.00
75559.00
71850.00
77470.00
73290.00
75315.00
70731.00
71957.00
69712.00
69864.00
62031.00
60174.00
62698.00
63660.00
65325.00
62265.00
61148.00
64421.00
54380.00
63047.00
55670.00
50065.00
56627.00
51115.00
55985.00
49490.00
50623.00
48889.00
45105.00
53782.00
50653.00
48576.00
42264.00
49064.00
41243.00
38970.00
43109.00
40144.00
41718.00
34922.00
36991.00
39829.00
38283.00
31805.00
35663.00
34531.00
30223.00
36291.00
27232.00
27483.00
29019.00
26321.00
28150.00
26794.00
26564.00
23479.00
19438.00
21798.00
21605.00
22247.00
18438.00
19923.00
19734.00
17137.00
14105.00
17759.00
12859.00
12643.00
13273.00
13605.00
14433.00
12962.00
11726.00
10961.00
7429.00
7964.00
7674.00
6892.00
6971.00
6851.00
4693.00
2526.00
5079.00
3433.00
1916.00
1719.00
1882.00
818.00
1091.00
486.00
0.00
17300.00
11727.75
11916.00
3548.75
1860.00
3153.75
1162.00
0.00
19869.00
20649.75
12515.00
11245.50
7210.00
5547.50
4845.00
2722.50
1776.00
600.00
345.50
82.75
2000.00
1497.00
498.00
0.00
5456.00
4455.00
3458.00
1972.00
1476.00
491.00
0.00
5379.00
4392.00
3409.00
1944.00
1455.00
484.00
0.00
5302.00
4329.00
3360.00
1916.00
1434.00
477.00
0.00
5225.00
4266.00
3311.00
1888.00
1413.00
470.00
0.00
5148.00
4203.00
3262.00
1860.00
1392.00
463.00
0.00
5071.00
4140.00
3213.00
1832.00
1371.00
456.00
0.00
4994.00
4077.00
3164.00
1804.00
1350.00
449.00
0.00
4917.00
4014.00
3115.00
1776.00
1329.00
442.00
0.00
4840.00
3951.00
3066.00
1748.00
1308.00
435.00
0.00
4763.00
3888.00
3017.00
1720.00
1287.00
428.00
0.00
4686.00
3825.00
2968.00
1692.00
1266.00
421.00
0.00
4609.00
3762.00
2919.00
1664.00
1245.00
414.00
0.00
4532.00
3699.00
2870.00
1636.00
1224.00
407.00
0.00
4455.00
3636.00
2821.00
1608.00
1203.00
400.00
0.00
4378.00
3573.00
2772.00
1580.00
1182.00
393.00
0.00
4301.00
3510.00
2723.00
1552.00
1161.00
386.00
0.00
4224.00
3447.00
2674.00
1524.00
1140.00
379.00
0.00
4147.00
3384.00
2625.00
1496.00
1119.00
372.00
0.00
4070.00
3321.00
2576.00
1468.00
1098.00
365.00
0.00
3993.00
3258.00
2527.00
1440.00
1077.00
358.00
0.00
3916.00
3195.00
2478.00
1412.00
1056.00
351.00
0.00
3839.00
3132.00
2429.00
1384.00
1035.00
344.00
0.00
3762.00
3069.00
2380.00
1356.00
1014.00
337.00
0.00
3685.00
3006.00
2331.00
1328.00
993.00
330.00
0.00
3608.00
2943.00
2282.00
1300.00
972.00
323.00
0.00
3531.00
2880.00
2233.00
1272.00
951.00
316.00
0.00
3454.00
2817.00
2184.00
1244.00
930.00
309.00
0.00
3377.00
2754.00
2135.00
1216.00
909.00
302.00
0.00
3300.00
2691.00
2086.00
1188.00
888.00
295.00
0.00
3223.00
2628.00
2037.00
1160.00
867.00
288.00
0.00
3146.00
2565.00
1988.00
1132.00
846.00
281.00
0.00
3069.00
2502.00
1939.00
1104.00
825.00
274.00
0.00
2992.00
2439.00
1890.00
1076.00
804.00
267.00
0.00
2915.00
2376.00
1841.00
1048.00
783.00
260.00
0.00
2838.00
2313.00
1792.00
1020.00
762.00
253.00
0.00
2761.00
2250.00
1743.00
992.00
741.00
246.00
0.00
2684.00
2187.00
1694.00
964.00
720.00
239.00
0.00
2607.00
2124.00
1645.00
936.00
699.00
232.00
0.00
2530.00
2061.00
1596.00
908.00
678.00
225.00
0.00
2453.00
1998.00
1547.00
880.00
657.00
218.00
0.00
2376.00
1935.00
1498.00
852.00
636.00
211.00
0.00
2299.00
1872.00
1449.00
824.00
615.00
204.00
0.00
2222.00
1809.00
1400.00
796.00
594.00
197.00
0.00
2145.00
1746.00
1351.00
768.00
573.00
190.00
0.00
2068.00
1683.00
1302.00
740.00
552.00
183.00
0.00
1991.00
1620.00
1253.00
712.00
531.00
176.00
0.00
1914.00
1557.00
1204.00
684.00
510.00
169.00
0.00
1837.00
1494.00
1155.00
656.00
489.00
162.00
0.00
1760.00
1431.00
1106.00
628.00
468.00
155.00
0.00
1683.00
1368.00
1057.00
600.00
447.00
148.00
0.00
1606.00
1305.00
1008.00
572.00
426.00
141.00
0.00
1529.00
1242.00
959.00
544.00
405.00
134.00
0.00
1452.00
1179.00
910.00
516.00
384.00
127.00
0.00
1375.00
1116.00
861.00
488.00
363.00
120.00
0.00
1298.00
1053.00
812.00
460.00
342.00
113.00
0.00
1221.00
990.00
763.00
432.00
321.00
106.00
0.00
1144.00
927.00
714.00
404.00
300.00
99.00
0.00
1067.00
864.00
665.00
376.00
279.00
92.00
0.00
990.00
801.00
616.00
348.00
258.00
85.00
0.00
913.00
738.00
567.00
320.00
237.00
78.00
0.00
836.00
675.00
518.00
292.00
216.00
71.00
0.00
759.00
612.00
469.00
264.00
195.00
64.00
0.00
682.00
549.00
420.00
236.00
174.00
57.00
0.00
605.00
486.00
371.00
208.00
153.00
50.00
0.00
528.00
423.00
322.00
180.00
132.00
43.00
0.00
451.00
360.00
273.00
152.00
111.00
36.00
0.00
374.00
297.00
224.00
124.00
90.00
29.00
0.00
297.00
234.00
175.00
96.00
69.00
22.00
0.00
220.00
171.00
126.00
68.00
48.00
15.00
0.00
143.00
108.00
77.00
40.00
27.00
8.00
0.00
66.00
45.00
28.00
12.00
6.00
1.00
0.00
0.00
0.00
0.00
203.00
4060.00
101500.00
2030000.00
13.50
4500.00
